\BOOKMARK [0][-]{section*.1}{\376\377\004\037\004\100\004\065\004\064\004\070\004\101\004\073\004\076\004\062\004\070\004\065}{}% 1
\BOOKMARK [0][-]{chapter.1}{\376\377\004\043\004\101\004\102\004\060\004\075\004\076\004\062\004\072\004\060\000\040\004\100\004\065\004\064\004\060\004\072\004\102\004\076\004\100\004\060\000\040\004\070\004\101\004\105\004\076\004\064\004\075\004\076\004\063\004\076\000\040\004\072\004\076\004\064\004\060\000\040\000C\000o\000d\000e\000:\000:\000B\000l\000o\000c\000k\000s}{}% 2
\BOOKMARK [0][-]{chapter.2}{\376\377\004\034\004\060\004\101\004\101\004\070\004\062\004\113}{}% 3
\BOOKMARK [1][-]{section.2.1}{\376\377\004\033\004\060\004\061\004\076\004\100\004\060\004\102\004\076\004\100\004\075\004\060\004\117\000\040\004\100\004\060\004\061\004\076\004\102\004\060\000\040\0001\000.\000\040\004\036\004\064\004\075\004\076\004\074\004\065\004\100\004\075\004\113\004\065\000\040\004\074\004\060\004\101\004\101\004\070\004\062\004\113}{chapter.2}% 4
\BOOKMARK [1][-]{section.2.2}{\376\377\004\033\004\060\004\061\004\076\004\100\004\060\004\102\004\076\004\100\004\075\004\060\004\117\000\040\004\100\004\060\004\061\004\076\004\102\004\060\000\040\0002\000.\000\040\004\041\004\076\004\100\004\102\004\070\004\100\004\076\004\062\004\072\004\060\000\040\004\070\000\040\004\103\004\077\004\076\004\100\004\117\004\064\004\076\004\107\004\065\004\075\004\070\004\065\000\040\004\074\004\060\004\101\004\101\004\070\004\062\004\076\004\062}{chapter.2}% 5
\BOOKMARK [1][-]{section.2.3}{\376\377\004\041\004\060\004\074\004\076\004\101\004\102\004\076\004\117\004\102\004\065\004\073\004\114\004\075\004\060\004\117\000\040\004\100\004\060\004\061\004\076\004\102\004\060\000\040\0001}{chapter.2}% 6
\BOOKMARK [0][-]{chapter.3}{\376\377\004\044\004\060\004\071\004\073\004\113}{}% 7
\BOOKMARK [1][-]{section.3.1}{\376\377\004\033\004\060\004\061\004\076\004\100\004\060\004\102\004\076\004\100\004\075\004\060\004\117\000\040\004\100\004\060\004\061\004\076\004\102\004\060\000\040\0001}{chapter.3}% 8
\BOOKMARK [0][-]{chapter.4}{\376\377\004\041\004\102\004\100\004\103\004\072\004\102\004\103\004\100\004\113}{}% 9
\BOOKMARK [1][-]{section.4.1}{\376\377\004\033\004\060\004\061\004\076\004\100\004\060\004\102\004\076\004\100\004\075\004\060\004\117\000\040\004\100\004\060\004\061\004\076\004\102\004\060\000\040\0001}{chapter.4}% 10
\BOOKMARK [0][-]{chapter.5}{\376\377\004\036\004\061\004\100\004\060\004\061\004\076\004\102\004\072\004\060\000\040\004\101\004\102\004\100\004\076\004\072}{}% 11
\BOOKMARK [1][-]{section.5.1}{\376\377\004\033\004\060\004\061\004\076\004\100\004\060\004\102\004\076\004\100\004\075\004\060\004\117\000\040\004\100\004\060\004\061\004\076\004\102\004\060\000\040\0001}{chapter.5}% 12
\BOOKMARK [0][-]{chapter.6}{\376\377\004\024\004\070\004\075\004\060\004\074\004\070\004\107\004\065\004\101\004\072\004\070\004\065\000\040\004\102\004\070\004\077\004\113\000\040\004\064\004\060\004\075\004\075\004\113\004\105}{}% 13
\BOOKMARK [1][-]{section.6.1}{\376\377\004\033\004\060\004\061\004\076\004\100\004\060\004\102\004\076\004\100\004\075\004\060\004\117\000\040\004\100\004\060\004\061\004\076\004\102\004\060\000\040\0001}{chapter.6}% 14
\BOOKMARK [0][-]{chapter.7}{\376\377\004\040\004\065\004\072\004\103\004\100\004\101\004\070\004\117}{}% 15
\BOOKMARK [1][-]{section.7.1}{\376\377\004\033\004\060\004\061\004\076\004\100\004\060\004\102\004\076\004\100\004\075\004\060\004\117\000\040\004\100\004\060\004\061\004\076\004\102\004\060}{chapter.7}% 16
\BOOKMARK [0][-]{chapter.8}{\376\377\004\044\004\103\004\075\004\072\004\106\004\070\004\070\000\040\004\070\000\040\004\103\004\072\004\060\004\067\004\060\004\102\004\065\004\073\004\070}{}% 17
\BOOKMARK [1][-]{section.8.1}{\376\377\004\033\004\060\004\061\004\076\004\100\004\060\004\102\004\076\004\100\004\075\004\060\004\117\000\040\004\100\004\060\004\061\004\076\004\102\004\060\000\040\0001\000.\000\040\004\043\004\072\004\060\004\067\004\060\004\102\004\065\004\073\004\070}{chapter.8}% 18
\BOOKMARK [1][-]{section.8.2}{\376\377\004\033\004\060\004\061\004\076\004\100\004\060\004\102\004\076\004\100\004\075\004\060\004\117\000\040\004\100\004\060\004\061\004\076\004\102\004\060\000\040\0002\000.\000\040\004\037\004\076\004\064\004\077\004\100\004\076\004\063\004\100\004\060\004\074\004\074\004\113\000-\004\104\004\103\004\075\004\072\004\106\004\070\004\070}{chapter.8}% 19
\BOOKMARK [1][-]{section.8.3}{\376\377\004\033\004\060\004\061\004\076\004\100\004\060\004\102\004\076\004\100\004\075\004\060\004\117\000\040\004\100\004\060\004\061\004\076\004\102\004\060\000\040\0003\000.\000\040\004\044\004\103\004\075\004\072\004\106\004\070\004\070\000,\000\040\004\103\004\072\004\060\004\067\004\060\004\102\004\065\004\073\004\070}{chapter.8}% 20
\BOOKMARK [0][-]{chapter.9}{\376\377\004\036\004\036\004\037}{}% 21
\BOOKMARK [1][-]{section.9.1}{\376\377\004\033\004\060\004\061\004\076\004\100\004\060\004\102\004\076\004\100\004\075\004\060\004\117\000\040\004\100\004\060\004\061\004\076\004\102\004\060\000\040\0001}{chapter.9}% 22
\BOOKMARK [0][-]{chapter.10}{\376\377\004\036\004\061\004\111\004\070\004\065\000\040\004\067\004\060\004\064\004\060\004\107\004\070}{}% 23
